2017-04-26 11:13:27,216 - root - INFO - 开始执行测试用例test_user_login_password_error
2017-04-26 11:21:29,152 - root - INFO - 开始执行测试用例test_user_getinfo_all_null
2017-04-26 11:21:29,206 - root - INFO - 开始执行测试用例test_user_login_apassword_null
2017-04-26 11:21:29,260 - root - INFO - 开始执行测试用例test_user_login_platuserid_othercharacter
2017-04-26 11:21:29,318 - root - INFO - 开始执行测试用例test_user_login_password_error
2017-04-26 11:21:29,392 - root - INFO - 开始执行测试用例test_user_login_platUserAccount_error
2017-04-26 11:21:48,672 - root - INFO - 开始执行测试用例test_user_login_platUserAccount_error
2017-04-26 11:21:59,465 - root - INFO - 开始执行测试用例test_user_login_password_error
2017-04-26 11:23:34,598 - root - INFO - 开始执行测试用例test_user_login_platuserid_othercharacter
2017-04-26 11:23:38,913 - root - INFO - 开始执行测试用例test_user_login_apassword_null
2017-04-26 11:23:42,425 - root - INFO - 开始执行测试用例test_user_getinfo_all_null
2017-04-26 11:23:45,982 - root - INFO - 开始执行测试用例test_user_getinfo_all_null
2017-04-26 11:23:46,036 - root - INFO - 开始执行测试用例test_user_login_apassword_null
2017-04-26 11:23:46,093 - root - INFO - 开始执行测试用例test_user_login_platuserid_othercharacter
2017-04-26 11:23:46,148 - root - INFO - 开始执行测试用例test_user_login_password_error
2017-04-26 11:23:46,234 - root - INFO - 开始执行测试用例test_user_login_platUserAccount_error
2017-04-26 11:25:52,191 - root - INFO - 开始运行脚本:
2017-04-26 11:25:52,215 - root - INFO - 开始执行测试用例test_user_getinfo_all_null
2017-04-26 11:25:52,276 - root - INFO - 开始执行测试用例test_user_login_apassword_null
2017-04-26 11:25:52,345 - root - INFO - 开始执行测试用例test_user_login_platuserid_othercharacter
2017-04-26 11:25:52,400 - root - INFO - 开始执行测试用例test_user_login_password_error
2017-04-26 11:25:52,469 - root - INFO - 开始执行测试用例test_user_login_platUserAccount_error
2017-04-26 11:25:52,523 - root - INFO - 开始执行测试用例test_user_login_all_null
2017-04-26 11:25:52,569 - root - INFO - 开始执行测试用例test_user_login_apassword_null
2017-04-26 11:25:52,616 - root - INFO - 开始执行测试用例test_user_login_password_error
2017-04-26 11:25:52,680 - root - INFO - 开始执行测试用例test_user_login_password_error
2017-04-26 11:25:52,783 - root - INFO - 开始执行测试用例test_user_login_platUserAccount_error
2017-04-26 11:25:52,861 - root - INFO - 开始执行测试用例test_user_login_platUserAccount_null
2017-04-26 11:25:52,914 - root - INFO - 开始删除测试报告2017-04-25 14_52_05_result.html
2017-04-26 11:25:52,914 - root - INFO - 删除测试报告成功2017-04-25 14_52_05_result.html
2017-04-26 11:25:52,915 - root - INFO - 获取是否发送邮件参数：为否
2017-04-26 11:25:52,915 - root - INFO - 运行完成退出~~~~~~~~~~~
2017-04-26 14:40:52,287 - root - INFO - 开始执行测试用例test_user_update_password_null
2017-04-26 14:41:14,195 - root - INFO - 开始执行测试用例test_user_update_password_null
2017-04-26 14:41:26,394 - root - INFO - 开始执行测试用例test_user_update_password_null
2017-04-26 14:41:54,074 - root - INFO - 开始执行测试用例test_user_update_password_null
2017-04-26 14:42:16,571 - root - INFO - 开始执行测试用例test_user_update_password_null
2017-04-26 14:43:10,129 - root - INFO - 开始执行测试用例test_user_login_all_null
2017-04-26 14:43:45,236 - root - INFO - 开始执行测试用例test_user_update_password_null
2017-04-26 14:49:14,480 - root - INFO - 开始执行测试用例test_user_update_password_null
2017-04-26 14:49:44,909 - root - INFO - 开始执行测试用例test_user_login_password_error
2017-04-26 14:49:45,014 - root - INFO - 开始执行测试用例test_user_login_password_error
2017-04-26 14:49:45,107 - root - INFO - 开始执行测试用例test_user_login_platUserAccount_error
2017-04-26 14:49:45,167 - root - INFO - 开始执行测试用例test_user_login_platUserAccount_null
2017-04-26 14:49:45,235 - root - INFO - 开始执行测试用例test_user_login_all_null
2017-04-26 14:49:45,300 - root - INFO - 开始执行测试用例test_user_update_password_null
2017-04-26 14:49:50,452 - root - INFO - 开始执行测试用例test_user_update_password_null
2017-04-26 14:56:49,031 - root - INFO - 开始执行测试用例test_user_login_platUserAccount_null
