2017-04-27 11:16:34,567 - root - INFO - 开始执行测试用例test_user_getinfo_all_null
2017-04-27 11:17:16,612 - root - INFO - 开始执行测试用例test_user_login_apassword_null
2017-04-27 11:17:16,909 - root - INFO - 开始执行测试用例test_user_login_platuserid_othercharacter
2017-04-27 11:17:16,973 - root - INFO - 开始执行测试用例test_user_login_password_error
2017-04-27 11:17:17,429 - root - INFO - 开始执行测试用例test_user_login_platUserAccount_error
2017-04-27 11:17:28,656 - root - INFO - 开始执行测试用例test_user_getinfo_all_null
2017-04-27 11:17:28,721 - root - INFO - 开始执行测试用例test_user_login_apassword_null
2017-04-27 11:17:28,782 - root - INFO - 开始执行测试用例test_user_login_platuserid_othercharacter
2017-04-27 11:17:28,837 - root - INFO - 开始执行测试用例test_user_login_password_error
2017-04-27 11:17:28,909 - root - INFO - 开始执行测试用例test_user_login_platUserAccount_error
2017-04-27 11:17:48,426 - root - INFO - 开始执行测试用例test_user_getinfo_all_null
2017-04-27 11:17:48,478 - root - INFO - 开始执行测试用例test_user_login_apassword_null
2017-04-27 11:17:48,533 - root - INFO - 开始执行测试用例test_user_login_platuserid_othercharacter
2017-04-27 11:17:48,587 - root - INFO - 开始执行测试用例test_user_login_password_error
2017-04-27 11:17:48,658 - root - INFO - 开始执行测试用例test_user_login_platUserAccount_error
2017-04-27 11:17:58,065 - root - INFO - 开始运行脚本:
2017-04-27 11:17:58,093 - root - INFO - 开始执行测试用例test_user_getinfo_all_null
2017-04-27 11:17:58,150 - root - INFO - 开始执行测试用例test_user_login_apassword_null
2017-04-27 11:17:58,202 - root - INFO - 开始执行测试用例test_user_login_platuserid_othercharacter
2017-04-27 11:17:58,260 - root - INFO - 开始执行测试用例test_user_login_password_error
2017-04-27 11:17:58,331 - root - INFO - 开始执行测试用例test_user_login_platUserAccount_error
2017-04-27 11:17:58,384 - root - INFO - 开始执行测试用例test_user_login_all_null
2017-04-27 11:17:58,442 - root - INFO - 开始执行测试用例test_user_login_apassword_null
2017-04-27 11:17:58,492 - root - INFO - 开始执行测试用例test_user_login_password_error
2017-04-27 11:17:58,791 - root - INFO - 开始执行测试用例test_user_login_password_error
2017-04-27 11:17:59,184 - root - INFO - 开始执行测试用例test_user_login_platUserAccount_error
2017-04-27 11:17:59,274 - root - INFO - 开始执行测试用例test_user_login_platUserAccount_null
2017-04-27 11:17:59,319 - root - INFO - 开始执行测试用例test_user_login_password_error
2017-04-27 11:17:59,394 - root - INFO - 开始执行测试用例test_user_login_password_error
2017-04-27 11:17:59,444 - root - INFO - 开始执行测试用例test_user_login_platUserAccount_error
2017-04-27 11:17:59,490 - root - INFO - 开始执行测试用例test_user_login_all_null
2017-04-27 11:17:59,538 - root - INFO - 开始执行测试用例test_user_login_platUserAccount_null
2017-04-27 11:17:59,618 - root - INFO - 开始执行测试用例test_user_update_password_null
2017-04-27 11:17:59,663 - root - INFO - 开始删除测试报告2017-04-26 11_25_52_result.html
2017-04-27 11:17:59,671 - root - INFO - 删除测试报告成功2017-04-26 11_25_52_result.html
2017-04-27 11:17:59,671 - root - INFO - 获取是否发送邮件参数：为否
2017-04-27 11:17:59,672 - root - INFO - 运行完成退出~~~~~~~~~~~
2017-04-27 14:07:24,930 - root - INFO - 开始执行测试用例test_user_login_all_null
2017-04-27 14:08:22,924 - root - INFO - 开始执行测试用例test_user_update_password_null
2017-04-27 14:23:33,964 - root - INFO - 开始执行测试用例test_user_update_password_null
2017-04-27 14:28:51,997 - root - INFO - 开始执行测试用例test_user_update_password_null
2017-04-27 14:34:02,164 - root - INFO - 开始执行测试用例test_user_update_password_null
2017-04-27 14:34:14,271 - root - INFO - 开始执行测试用例test_user_login_platUserAccount_null
2017-04-27 14:34:57,495 - root - INFO - 开始执行测试用例test_user_login_platUserAccount_error
2017-04-27 14:35:18,569 - root - INFO - 开始执行测试用例test_user_login_platUserAccount_error
2017-04-27 14:35:55,325 - root - INFO - 开始执行测试用例test_user_login_password_error
2017-04-27 14:38:46,340 - root - INFO - 开始执行测试用例test_user_login_password_error
2017-04-27 14:38:56,362 - root - INFO - 开始执行测试用例test_user_login_password_error
2017-04-27 14:43:38,753 - root - INFO - 开始执行测试用例test_user_login_password_error
2017-04-27 14:44:46,139 - root - INFO - 开始执行测试用例test_user_login_password_error
2017-04-27 14:45:36,643 - root - INFO - 开始执行测试用例test_user_login_password_error
2017-04-27 14:45:59,092 - root - INFO - 开始执行测试用例test_user_login_password_error
2017-04-27 14:47:26,116 - root - INFO - 开始执行测试用例test_user_login_loginPwd_toolong
2017-04-27 14:54:31,560 - root - INFO - 开始执行测试用例test_user_login_password_error
2017-04-27 14:55:41,311 - root - INFO - 开始执行测试用例test_user_login_password_success
2017-04-27 14:56:34,115 - root - INFO - 开始执行测试用例test_user_login_password_success
2017-04-27 14:56:49,033 - root - INFO - 开始执行测试用例test_user_login_password_success
2017-04-27 14:58:22,591 - root - INFO - 开始执行测试用例test_user_login_password_success
